<?xml version="1.0" encoding="UTF-8"?>
<testng-results ignored="0" total="1" passed="1" failed="0" skipped="0">
  <reporter-output>
  </reporter-output>
  <suite started-at="2025-08-16T23:58:41 IST" name="Default suite" finished-at="2025-08-16T23:59:13 IST" duration-ms="32529">
    <groups>
    </groups>
    <test started-at="2025-08-16T23:58:41 IST" name="Default test" finished-at="2025-08-16T23:59:13 IST" duration-ms="32529">
      <class name="selenium.Frames">
        <test-method is-config="true" signature="setUp()[pri:0, instance:selenium.Frames@3c9754d8]" started-at="2025-08-16T23:58:41 IST" name="setUp" finished-at="2025-08-16T23:59:02 IST" duration-ms="21446" status="PASS">
          <reporter-output>
          </reporter-output>
        </test-method> <!-- setUp -->
        <test-method signature="test3()[pri:0, instance:selenium.Frames@3c9754d8]" started-at="2025-08-16T23:59:02 IST" name="test3" finished-at="2025-08-16T23:59:12 IST" duration-ms="9671" status="PASS">
          <reporter-output>
          </reporter-output>
        </test-method> <!-- test3 -->
      </class> <!-- selenium.Frames -->
    </test> <!-- Default test -->
  </suite> <!-- Default suite -->
</testng-results>
