<?xml version="1.0" encoding="UTF-8"?>
<!-- Generated by org.testng.reporters.JUnitXMLReporter -->
<testsuite ignored="2" hostname="LAPTOP-DUIBVCQL" failures="0" tests="2" name="MyTests" time="22.233" errors="0" timestamp="2025-08-25T02:21:56 IST">
  <testcase classname="tests.LoginTest" name="loginTest" time="5.091"/>
  <testcase classname="tests.GoogleScreen" name="Test2" time="5.213"/>
  <testcase classname="base.BaseTest" name="@AfterSuite tearDownReport" time="0.0">
    <ignored/>
  </testcase> <!-- @AfterSuite tearDownReport -->
  <testcase classname="base.BaseTest" name="@BeforeSuite setUpReport" time="0.0">
    <ignored/>
  </testcase> <!-- @BeforeSuite setUpReport -->
</testsuite> <!-- MyTests -->
