<?xml version="1.0" encoding="UTF-8"?>
<!-- Generated by org.testng.reporters.JUnitXMLReporter -->
<testsuite ignored="2" hostname="LAPTOP-DUIBVCQL" failures="0" tests="2" name="Surefire test" time="62.356" errors="0" timestamp="2025-08-25T15:54:28 IST">
  <testcase classname="tests.BjsWebTest" name="BjsWebSite" time="38.03"/>
  <testcase classname="tests.LoginTest" name="loginTest" time="8.205"/>
  <testcase classname="base.BaseTest" name="@BeforeSuite setUpReport" time="0.0">
    <ignored/>
  </testcase> <!-- @BeforeSuite setUpReport -->
  <testcase classname="base.BaseTest" name="@AfterSuite tearDownReport" time="0.0">
    <ignored/>
  </testcase> <!-- @AfterSuite tearDownReport -->
</testsuite> <!-- Surefire test -->
