<?xml version="1.0" encoding="UTF-8"?>
<!-- Generated by org.testng.reporters.JUnitXMLReporter -->
<testsuite ignored="2" hostname="LAPTOP-DUIBVCQL" failures="0" tests="1" name="Default test" time="32.529" errors="0" timestamp="2025-08-16T23:59:14 IST">
  <testcase classname="selenium.Frames" name="test3" time="9.671"/>
  <testcase classname="selenium.Frames" name="case1" time="0.0">
    <ignored/>
  </testcase> <!-- case1 -->
  <testcase classname="selenium.Frames" name="test2" time="0.0">
    <ignored/>
  </testcase> <!-- test2 -->
</testsuite> <!-- Default test -->
