<?xml version="1.0" encoding="UTF-8"?>
<testng-results ignored="0" total="2" passed="2" failed="0" skipped="0">
  <reporter-output>
  </reporter-output>
  <suite started-at="2025-08-25T15:53:26 IST" name="Surefire suite" finished-at="2025-08-25T15:54:28 IST" duration-ms="62356">
    <groups>
    </groups>
    <test started-at="2025-08-25T15:53:26 IST" name="Surefire test" finished-at="2025-08-25T15:54:28 IST" duration-ms="62356">
      <class name="tests.LoginTest">
        <test-method is-config="true" signature="setUpDriver(java.lang.reflect.Method)[pri:0, instance:tests.LoginTest@4386f16]" started-at="2025-08-25T15:54:14 IST" name="setUpDriver" finished-at="2025-08-25T15:54:20 IST" duration-ms="5110" status="PASS">
          <params>
            <param index="0">
              <value>
                <![CDATA[public void tests.LoginTest.loginTest()]]>
              </value>
            </param>
          </params>
          <reporter-output>
          </reporter-output>
        </test-method> <!-- setUpDriver -->
        <test-method signature="loginTest()[pri:0, instance:tests.LoginTest@4386f16]" started-at="2025-08-25T15:54:20 IST" name="loginTest" finished-at="2025-08-25T15:54:28 IST" duration-ms="8205" status="PASS">
          <reporter-output>
          </reporter-output>
        </test-method> <!-- loginTest -->
        <test-method is-config="true" signature="tearDown()[pri:0, instance:tests.LoginTest@4386f16]" started-at="2025-08-25T15:54:28 IST" name="tearDown" finished-at="2025-08-25T15:54:28 IST" duration-ms="2" status="PASS">
          <reporter-output>
          </reporter-output>
        </test-method> <!-- tearDown -->
      </class> <!-- tests.LoginTest -->
      <class name="tests.BjsWebTest">
        <test-method is-config="true" signature="setUpReport()[pri:0, instance:tests.BjsWebTest@5cee5251]" started-at="2025-08-25T15:53:26 IST" name="setUpReport" finished-at="2025-08-25T15:53:26 IST" duration-ms="421" status="PASS">
          <reporter-output>
          </reporter-output>
        </test-method> <!-- setUpReport -->
        <test-method is-config="true" signature="setUpDriver(java.lang.reflect.Method)[pri:0, instance:tests.BjsWebTest@5cee5251]" started-at="2025-08-25T15:53:26 IST" name="setUpDriver" finished-at="2025-08-25T15:53:36 IST" duration-ms="9713" status="PASS">
          <params>
            <param index="0">
              <value>
                <![CDATA[public void tests.BjsWebTest.BjsWebSite()]]>
              </value>
            </param>
          </params>
          <reporter-output>
          </reporter-output>
        </test-method> <!-- setUpDriver -->
        <test-method signature="BjsWebSite()[pri:0, instance:tests.BjsWebTest@5cee5251]" started-at="2025-08-25T15:53:36 IST" name="BjsWebSite" finished-at="2025-08-25T15:54:14 IST" duration-ms="38030" status="PASS">
          <reporter-output>
          </reporter-output>
        </test-method> <!-- BjsWebSite -->
        <test-method is-config="true" signature="tearDown()[pri:0, instance:tests.BjsWebTest@5cee5251]" started-at="2025-08-25T15:54:14 IST" name="tearDown" finished-at="2025-08-25T15:54:14 IST" duration-ms="3" status="PASS">
          <reporter-output>
          </reporter-output>
        </test-method> <!-- tearDown -->
        <test-method is-config="true" signature="tearDownReport()[pri:0, instance:tests.BjsWebTest@5cee5251]" started-at="2025-08-25T15:54:28 IST" name="tearDownReport" finished-at="2025-08-25T15:54:30 IST" duration-ms="1310" status="PASS">
          <reporter-output>
          </reporter-output>
        </test-method> <!-- tearDownReport -->
      </class> <!-- tests.BjsWebTest -->
    </test> <!-- Surefire test -->
  </suite> <!-- Surefire suite -->
</testng-results>
