<?xml version="1.0" encoding="UTF-8"?>
<testng-results ignored="0" total="1" passed="1" failed="0" skipped="0">
  <reporter-output>
  </reporter-output>
  <suite started-at="2025-08-20T23:18:50 IST" name="Default suite" finished-at="2025-08-20T23:19:01 IST" duration-ms="10308">
    <groups>
    </groups>
    <test started-at="2025-08-20T23:18:50 IST" name="Default test" finished-at="2025-08-20T23:19:01 IST" duration-ms="10308">
      <class name="DropDownHandle">
        <test-method is-config="true" signature="setUp()[pri:0, instance:DropDownHandle@3c9754d8]" started-at="2025-08-20T23:18:51 IST" name="setUp" finished-at="2025-08-20T23:19:00 IST" duration-ms="9698" status="PASS">
          <reporter-output>
          </reporter-output>
        </test-method> <!-- setUp -->
        <test-method signature="selectOption()[pri:0, instance:DropDownHandle@3c9754d8]" started-at="2025-08-20T23:19:00 IST" name="selectOption" finished-at="2025-08-20T23:19:01 IST" duration-ms="565" status="PASS">
          <reporter-output>
          </reporter-output>
        </test-method> <!-- selectOption -->
        <test-method is-config="true" signature="tearDown()[pri:0, instance:DropDownHandle@3c9754d8]" started-at="2025-08-20T23:19:01 IST" name="tearDown" finished-at="2025-08-20T23:19:01 IST" duration-ms="1" status="PASS">
          <reporter-output>
          </reporter-output>
        </test-method> <!-- tearDown -->
      </class> <!-- DropDownHandle -->
    </test> <!-- Default test -->
  </suite> <!-- Default suite -->
</testng-results>
