<?xml version="1.0" encoding="UTF-8"?>
<testng-results ignored="0" total="1" passed="1" failed="0" skipped="0">
  <reporter-output>
  </reporter-output>
  <suite started-at="2025-08-25T19:51:33 IST" name="Default suite" finished-at="2025-08-25T19:51:45 IST" duration-ms="12034">
    <groups>
    </groups>
    <test started-at="2025-08-25T19:51:33 IST" name="Default test" finished-at="2025-08-25T19:51:45 IST" duration-ms="12034">
      <class name="pages.DynamicWebTablesHandle">
        <test-method is-config="true" signature="setUpReport()[pri:0, instance:pages.DynamicWebTablesHandle@3c0be339]" started-at="2025-08-25T19:51:32 IST" name="setUpReport" finished-at="2025-08-25T19:51:33 IST" duration-ms="384" status="PASS">
          <reporter-output>
          </reporter-output>
        </test-method> <!-- setUpReport -->
        <test-method is-config="true" signature="setUpDriver(java.lang.reflect.Method)[pri:0, instance:pages.DynamicWebTablesHandle@3c0be339]" started-at="2025-08-25T19:51:33 IST" name="setUpDriver" finished-at="2025-08-25T19:51:38 IST" duration-ms="5156" status="PASS">
          <params>
            <param index="0">
              <value>
                <![CDATA[void pages.DynamicWebTablesHandle.staticWebElement()]]>
              </value>
            </param>
          </params>
          <reporter-output>
          </reporter-output>
        </test-method> <!-- setUpDriver -->
        <test-method signature="staticWebElement()[pri:0, instance:pages.DynamicWebTablesHandle@3c0be339]" started-at="2025-08-25T19:51:38 IST" name="staticWebElement" finished-at="2025-08-25T19:51:44 IST" duration-ms="6396" status="PASS">
          <reporter-output>
          </reporter-output>
        </test-method> <!-- staticWebElement -->
        <test-method is-config="true" signature="tearDown()[pri:0, instance:pages.DynamicWebTablesHandle@3c0be339]" started-at="2025-08-25T19:51:45 IST" name="tearDown" finished-at="2025-08-25T19:51:45 IST" duration-ms="0" status="PASS">
          <reporter-output>
          </reporter-output>
        </test-method> <!-- tearDown -->
        <test-method is-config="true" signature="tearDownReport()[pri:0, instance:pages.DynamicWebTablesHandle@3c0be339]" started-at="2025-08-25T19:51:45 IST" name="tearDownReport" finished-at="2025-08-25T19:51:46 IST" duration-ms="1055" status="PASS">
          <reporter-output>
          </reporter-output>
        </test-method> <!-- tearDownReport -->
      </class> <!-- pages.DynamicWebTablesHandle -->
    </test> <!-- Default test -->
  </suite> <!-- Default suite -->
</testng-results>
