<?xml version="1.0" encoding="UTF-8"?>
<!-- Generated by org.testng.reporters.JUnitXMLReporter -->
<testsuite ignored="2" hostname="LAPTOP-DUIBVCQL" failures="0" tests="1" name="Default test" time="10.308" errors="0" timestamp="2025-08-20T23:19:01 IST">
  <testcase classname="DropDownHandle" name="selectOption" time="0.565"/>
  <testcase classname="DropDownHandle" name="verifyDropdownIsInAscendingOrder" time="0.0">
    <ignored/>
  </testcase> <!-- verifyDropdownIsInAscendingOrder -->
  <testcase classname="DropDownHandle" name="AscendingOrderOrNot" time="0.0">
    <ignored/>
  </testcase> <!-- AscendingOrderOrNot -->
</testsuite> <!-- Default test -->
